2020-08-09 16:14:47,653:INFO:PyCaret Regression Module
2020-08-09 16:14:47,687:INFO:version 2.0
2020-08-09 16:14:47,687:INFO:Initializing setup()
2020-08-09 16:14:47,694:INFO:USI: 5286
2020-08-09 16:14:47,695:INFO:setup(data=(550068, 12), target=Purchase, train_size=0.7, sampling=False, sample_estimator=None, categorical_features=None, categorical_imputation=constant, ordinal_features=None,
                    high_cardinality_features=None, high_cardinality_method=frequency, numeric_features=None, numeric_imputation=mean, date_features=None, ignore_features=None, normalize=True,
                    normalize_method=robust, transformation=True, transformation_method=yeo-johnson, handle_unknown_categorical=True, unknown_categorical_method=least_frequent, pca=False, pca_method=linear,
                    pca_components=None, ignore_low_variance=False, combine_rare_levels=False, rare_level_threshold=0.1, bin_numeric_features=None, remove_outliers=False, outliers_threshold=0.05,
                    remove_multicollinearity=False, multicollinearity_threshold=0.9, remove_perfect_collinearity=False, create_clusters=False, cluster_iter=20,
                    polynomial_features=False, polynomial_degree=2, trigonometry_features=False, polynomial_threshold=0.1, group_features=None,
                    group_names=None, feature_selection=False, feature_selection_threshold=0.8, feature_interaction=False, feature_ratio=False, interaction_threshold=0.01, transform_target=True,
                    transform_target_method=box-cox, data_split_shuffle=True, folds_shuffle=False, n_jobs=-1, html=True, session_id=707, log_experiment=False,
                    experiment_name=None, log_plots=False, log_profile=False, log_data=False, silent=False, verbose=True, profile=False)
2020-08-09 16:14:47,695:INFO:Checking environment
2020-08-09 16:14:47,696:INFO:python_version: 3.7.7
2020-08-09 16:14:47,696:INFO:python_build: ('default', 'May  6 2020 04:59:01')
2020-08-09 16:14:47,696:INFO:machine: x86_64
2020-08-09 16:14:47,759:INFO:platform: Darwin-19.6.0-x86_64-i386-64bit
2020-08-09 16:14:47,761:WARNING:cannot find psutil installation. memory not traceable. Install psutil using pip to enable memory logging. 
2020-08-09 16:14:47,761:INFO:Checking libraries
2020-08-09 16:14:47,763:INFO:pd==1.0.5
2020-08-09 16:14:47,763:INFO:numpy==1.18.5
2020-08-09 16:14:49,120:INFO:sklearn==0.23.1
2020-08-09 16:14:51,027:WARNING:xgboost not found
2020-08-09 16:14:52,073:WARNING:lightgbm not found
2020-08-09 16:14:52,541:INFO:catboost==0.24
2020-08-09 16:14:55,091:INFO:mlflow==1.10.0
2020-08-09 16:14:55,092:INFO:Checking Exceptions
2020-08-09 16:14:55,096:INFO:Preloading libraries
2020-08-09 16:14:55,097:INFO:Preparing display monitor
2020-08-09 16:14:55,187:INFO:Importing libraries
2020-08-09 16:14:58,241:INFO:Copying data for preprocessing
2020-08-09 16:14:58,781:INFO:Declaring global variables
2020-08-09 16:14:58,793:INFO:Declaring preprocessing parameters
2020-08-09 16:14:58,794:INFO:Importing preprocessing module
2020-08-09 16:18:04,672:INFO:PyCaret Regression Module
2020-08-09 16:18:04,674:INFO:version 2.0
2020-08-09 16:18:04,675:INFO:Initializing setup()
2020-08-09 16:18:04,675:INFO:USI: c983
2020-08-09 16:18:04,678:INFO:setup(data=(550068, 12), target=Purchase, train_size=0.7, sampling=False, sample_estimator=None, categorical_features=None, categorical_imputation=constant, ordinal_features=None,
                    high_cardinality_features=None, high_cardinality_method=frequency, numeric_features=None, numeric_imputation=mean, date_features=None, ignore_features=None, normalize=True,
                    normalize_method=robust, transformation=True, transformation_method=yeo-johnson, handle_unknown_categorical=True, unknown_categorical_method=least_frequent, pca=False, pca_method=linear,
                    pca_components=None, ignore_low_variance=False, combine_rare_levels=False, rare_level_threshold=0.1, bin_numeric_features=None, remove_outliers=False, outliers_threshold=0.05,
                    remove_multicollinearity=False, multicollinearity_threshold=0.9, remove_perfect_collinearity=False, create_clusters=True, cluster_iter=20,
                    polynomial_features=True, polynomial_degree=2, trigonometry_features=False, polynomial_threshold=0.1, group_features=None,
                    group_names=None, feature_selection=False, feature_selection_threshold=0.8, feature_interaction=True, feature_ratio=False, interaction_threshold=0.01, transform_target=True,
                    transform_target_method=box-cox, data_split_shuffle=True, folds_shuffle=False, n_jobs=-1, html=True, session_id=707, log_experiment=False,
                    experiment_name=None, log_plots=False, log_profile=False, log_data=False, silent=False, verbose=True, profile=False)
2020-08-09 16:18:04,679:INFO:Checking environment
2020-08-09 16:18:04,679:INFO:python_version: 3.7.7
2020-08-09 16:18:04,679:INFO:python_build: ('default', 'May  6 2020 04:59:01')
2020-08-09 16:18:04,679:INFO:machine: x86_64
2020-08-09 16:18:04,679:INFO:platform: Darwin-19.6.0-x86_64-i386-64bit
2020-08-09 16:18:04,682:WARNING:cannot find psutil installation. memory not traceable. Install psutil using pip to enable memory logging. 
2020-08-09 16:18:04,683:INFO:Checking libraries
2020-08-09 16:18:04,683:INFO:pd==1.0.5
2020-08-09 16:18:04,683:INFO:numpy==1.18.5
2020-08-09 16:18:04,683:INFO:sklearn==0.23.1
2020-08-09 16:18:04,728:WARNING:xgboost not found
2020-08-09 16:18:04,740:WARNING:lightgbm not found
2020-08-09 16:18:04,741:INFO:catboost==0.24
2020-08-09 16:18:04,741:INFO:mlflow==1.10.0
2020-08-09 16:18:04,741:INFO:Checking Exceptions
2020-08-09 16:18:04,749:INFO:Preloading libraries
2020-08-09 16:18:04,750:INFO:Preparing display monitor
2020-08-09 16:18:04,829:INFO:Importing libraries
2020-08-09 16:18:04,842:INFO:Copying data for preprocessing
2020-08-09 16:18:05,086:INFO:Declaring global variables
2020-08-09 16:18:05,094:INFO:Declaring preprocessing parameters
2020-08-09 16:18:05,094:INFO:Importing preprocessing module
2020-08-09 16:24:58,100:INFO:PyCaret Regression Module
2020-08-09 16:24:58,101:INFO:version 2.0
2020-08-09 16:24:58,101:INFO:Initializing setup()
2020-08-09 16:24:58,102:INFO:USI: 4660
2020-08-09 16:24:58,106:INFO:setup(data=(550068, 12), target=Purchase, train_size=0.7, sampling=False, sample_estimator=None, categorical_features=None, categorical_imputation=constant, ordinal_features=None,
                    high_cardinality_features=None, high_cardinality_method=frequency, numeric_features=None, numeric_imputation=mean, date_features=None, ignore_features=None, normalize=True,
                    normalize_method=robust, transformation=True, transformation_method=yeo-johnson, handle_unknown_categorical=True, unknown_categorical_method=least_frequent, pca=False, pca_method=linear,
                    pca_components=None, ignore_low_variance=False, combine_rare_levels=False, rare_level_threshold=0.1, bin_numeric_features=None, remove_outliers=True, outliers_threshold=0.1,
                    remove_multicollinearity=False, multicollinearity_threshold=0.9, remove_perfect_collinearity=False, create_clusters=True, cluster_iter=20,
                    polynomial_features=True, polynomial_degree=2, trigonometry_features=False, polynomial_threshold=0.1, group_features=None,
                    group_names=None, feature_selection=False, feature_selection_threshold=0.8, feature_interaction=True, feature_ratio=False, interaction_threshold=0.01, transform_target=True,
                    transform_target_method=box-cox, data_split_shuffle=True, folds_shuffle=False, n_jobs=-1, html=True, session_id=707, log_experiment=False,
                    experiment_name=None, log_plots=False, log_profile=False, log_data=False, silent=False, verbose=True, profile=False)
2020-08-09 16:24:58,107:INFO:Checking environment
2020-08-09 16:24:58,107:INFO:python_version: 3.7.7
2020-08-09 16:24:58,107:INFO:python_build: ('default', 'May  6 2020 04:59:01')
2020-08-09 16:24:58,107:INFO:machine: x86_64
2020-08-09 16:24:58,108:INFO:platform: Darwin-19.6.0-x86_64-i386-64bit
2020-08-09 16:24:58,116:WARNING:cannot find psutil installation. memory not traceable. Install psutil using pip to enable memory logging. 
2020-08-09 16:24:58,116:INFO:Checking libraries
2020-08-09 16:24:58,116:INFO:pd==1.0.5
2020-08-09 16:24:58,116:INFO:numpy==1.18.5
2020-08-09 16:24:58,116:INFO:sklearn==0.23.1
2020-08-09 16:24:58,694:INFO:xgboost==1.1.1
2020-08-09 16:24:58,741:INFO:lightgbm==2.3.1
2020-08-09 16:24:58,741:INFO:catboost==0.24
2020-08-09 16:24:58,741:INFO:mlflow==1.10.0
2020-08-09 16:24:58,742:INFO:Checking Exceptions
2020-08-09 16:24:58,746:INFO:Preloading libraries
2020-08-09 16:24:58,747:INFO:Preparing display monitor
2020-08-09 16:24:58,814:INFO:Importing libraries
2020-08-09 16:24:58,828:INFO:Copying data for preprocessing
2020-08-09 16:24:59,072:INFO:Declaring global variables
2020-08-09 16:24:59,082:INFO:Declaring preprocessing parameters
2020-08-09 16:24:59,082:INFO:Importing preprocessing module
2020-08-09 16:25:00,217:INFO:Creating preprocessing pipeline
2020-08-09 16:27:16,861:INFO:PyCaret Regression Module
2020-08-09 16:27:16,862:INFO:version 2.0
2020-08-09 16:27:16,862:INFO:Initializing setup()
2020-08-09 16:27:16,863:INFO:USI: f72f
2020-08-09 16:27:16,864:INFO:setup(data=(550068, 12), target=Purchase, train_size=0.7, sampling=False, sample_estimator=None, categorical_features=Occupation, categorical_imputation=constant, ordinal_features=None,
                    high_cardinality_features=None, high_cardinality_method=frequency, numeric_features=None, numeric_imputation=mean, date_features=None, ignore_features=None, normalize=True,
                    normalize_method=robust, transformation=True, transformation_method=yeo-johnson, handle_unknown_categorical=True, unknown_categorical_method=least_frequent, pca=False, pca_method=linear,
                    pca_components=None, ignore_low_variance=False, combine_rare_levels=False, rare_level_threshold=0.1, bin_numeric_features=None, remove_outliers=True, outliers_threshold=0.1,
                    remove_multicollinearity=False, multicollinearity_threshold=0.9, remove_perfect_collinearity=False, create_clusters=True, cluster_iter=20,
                    polynomial_features=True, polynomial_degree=2, trigonometry_features=False, polynomial_threshold=0.1, group_features=None,
                    group_names=None, feature_selection=False, feature_selection_threshold=0.8, feature_interaction=True, feature_ratio=False, interaction_threshold=0.01, transform_target=True,
                    transform_target_method=box-cox, data_split_shuffle=True, folds_shuffle=False, n_jobs=-1, html=True, session_id=707, log_experiment=False,
                    experiment_name=None, log_plots=False, log_profile=False, log_data=False, silent=True, verbose=True, profile=True)
2020-08-09 16:27:16,864:INFO:Checking environment
2020-08-09 16:27:16,864:INFO:python_version: 3.7.7
2020-08-09 16:27:16,865:INFO:python_build: ('default', 'May  6 2020 04:59:01')
2020-08-09 16:27:16,865:INFO:machine: x86_64
2020-08-09 16:27:16,898:INFO:platform: Darwin-19.6.0-x86_64-i386-64bit
2020-08-09 16:27:16,899:WARNING:cannot find psutil installation. memory not traceable. Install psutil using pip to enable memory logging. 
2020-08-09 16:27:16,899:INFO:Checking libraries
2020-08-09 16:27:16,899:INFO:pd==1.0.5
2020-08-09 16:27:16,899:INFO:numpy==1.18.5
2020-08-09 16:27:17,030:INFO:sklearn==0.23.1
2020-08-09 16:27:17,224:INFO:xgboost==1.1.1
2020-08-09 16:27:17,351:INFO:lightgbm==2.3.1
2020-08-09 16:27:17,460:INFO:catboost==0.24
2020-08-09 16:27:19,305:INFO:mlflow==1.10.0
2020-08-09 16:27:19,306:INFO:Checking Exceptions
2020-08-09 16:27:36,327:INFO:PyCaret Regression Module
2020-08-09 16:27:36,327:INFO:version 2.0
2020-08-09 16:27:36,327:INFO:Initializing setup()
2020-08-09 16:27:36,327:INFO:USI: be8f
2020-08-09 16:27:36,328:INFO:setup(data=(550068, 12), target=Purchase, train_size=0.7, sampling=False, sample_estimator=None, categorical_features=['Occupation'], categorical_imputation=constant, ordinal_features=None,
                    high_cardinality_features=None, high_cardinality_method=frequency, numeric_features=None, numeric_imputation=mean, date_features=None, ignore_features=None, normalize=True,
                    normalize_method=robust, transformation=True, transformation_method=yeo-johnson, handle_unknown_categorical=True, unknown_categorical_method=least_frequent, pca=False, pca_method=linear,
                    pca_components=None, ignore_low_variance=False, combine_rare_levels=False, rare_level_threshold=0.1, bin_numeric_features=None, remove_outliers=True, outliers_threshold=0.1,
                    remove_multicollinearity=False, multicollinearity_threshold=0.9, remove_perfect_collinearity=False, create_clusters=True, cluster_iter=20,
                    polynomial_features=True, polynomial_degree=2, trigonometry_features=False, polynomial_threshold=0.1, group_features=None,
                    group_names=None, feature_selection=False, feature_selection_threshold=0.8, feature_interaction=True, feature_ratio=False, interaction_threshold=0.01, transform_target=True,
                    transform_target_method=box-cox, data_split_shuffle=True, folds_shuffle=False, n_jobs=-1, html=True, session_id=707, log_experiment=False,
                    experiment_name=None, log_plots=False, log_profile=False, log_data=False, silent=True, verbose=True, profile=True)
2020-08-09 16:27:36,328:INFO:Checking environment
2020-08-09 16:27:36,328:INFO:python_version: 3.7.7
2020-08-09 16:27:36,328:INFO:python_build: ('default', 'May  6 2020 04:59:01')
2020-08-09 16:27:36,328:INFO:machine: x86_64
2020-08-09 16:27:36,328:INFO:platform: Darwin-19.6.0-x86_64-i386-64bit
2020-08-09 16:27:36,329:WARNING:cannot find psutil installation. memory not traceable. Install psutil using pip to enable memory logging. 
2020-08-09 16:27:36,329:INFO:Checking libraries
2020-08-09 16:27:36,330:INFO:pd==1.0.5
2020-08-09 16:27:36,330:INFO:numpy==1.18.5
2020-08-09 16:27:36,330:INFO:sklearn==0.23.1
2020-08-09 16:27:36,330:INFO:xgboost==1.1.1
2020-08-09 16:27:36,330:INFO:lightgbm==2.3.1
2020-08-09 16:27:36,330:INFO:catboost==0.24
2020-08-09 16:27:36,330:INFO:mlflow==1.10.0
2020-08-09 16:27:36,330:INFO:Checking Exceptions
2020-08-09 16:27:36,330:INFO:Preloading libraries
2020-08-09 16:27:36,331:INFO:Preparing display monitor
2020-08-09 16:27:36,365:INFO:Importing libraries
2020-08-09 16:27:37,034:INFO:Copying data for preprocessing
2020-08-09 16:27:37,101:INFO:Declaring global variables
2020-08-09 16:27:37,118:INFO:Declaring preprocessing parameters
2020-08-09 16:27:37,118:INFO:Importing preprocessing module
2020-08-09 16:27:38,609:INFO:Creating preprocessing pipeline
2020-08-09 18:25:15,641:INFO:PyCaret Regression Module
2020-08-09 18:25:15,641:INFO:version 2.0
2020-08-09 18:25:15,641:INFO:Initializing setup()
2020-08-09 18:25:15,642:INFO:USI: abff
2020-08-09 18:25:15,642:INFO:setup(data=(550068, 12), target=Purchase, train_size=0.7, sampling=False, sample_estimator=None, categorical_features=['Occupation'], categorical_imputation=constant, ordinal_features=None,
                    high_cardinality_features=None, high_cardinality_method=frequency, numeric_features=None, numeric_imputation=mean, date_features=None, ignore_features=None, normalize=True,
                    normalize_method=robust, transformation=True, transformation_method=yeo-johnson, handle_unknown_categorical=True, unknown_categorical_method=least_frequent, pca=False, pca_method=linear,
                    pca_components=None, ignore_low_variance=False, combine_rare_levels=False, rare_level_threshold=0.1, bin_numeric_features=None, remove_outliers=True, outliers_threshold=0.1,
                    remove_multicollinearity=False, multicollinearity_threshold=0.9, remove_perfect_collinearity=False, create_clusters=True, cluster_iter=20,
                    polynomial_features=True, polynomial_degree=2, trigonometry_features=False, polynomial_threshold=0.1, group_features=None,
                    group_names=None, feature_selection=False, feature_selection_threshold=0.8, feature_interaction=True, feature_ratio=False, interaction_threshold=0.01, transform_target=True,
                    transform_target_method=box-cox, data_split_shuffle=True, folds_shuffle=False, n_jobs=-1, html=True, session_id=707, log_experiment=False,
                    experiment_name=None, log_plots=False, log_profile=False, log_data=False, silent=True, verbose=True, profile=True)
2020-08-09 18:25:15,642:INFO:Checking environment
2020-08-09 18:25:15,642:INFO:python_version: 3.7.7
2020-08-09 18:25:15,642:INFO:python_build: ('default', 'May  6 2020 11:45:54')
2020-08-09 18:25:15,642:INFO:machine: AMD64
2020-08-09 18:25:15,643:INFO:platform: Windows-10-10.0.19041-SP0
2020-08-09 18:25:15,659:INFO:Memory: svmem(total=12883832832, available=6593171456, percent=48.8, used=6290661376, free=6593171456)
2020-08-09 18:25:15,659:INFO:Physical Core: 4
2020-08-09 18:25:15,659:INFO:Logical Core: 8
2020-08-09 18:25:15,659:INFO:Checking libraries
2020-08-09 18:25:15,660:INFO:pd==1.0.5
2020-08-09 18:25:15,660:INFO:numpy==1.19.1
2020-08-09 18:25:16,281:INFO:sklearn==0.23.2
2020-08-09 18:25:16,364:INFO:xgboost==1.1.1
2020-08-09 18:25:16,466:INFO:lightgbm==2.3.1
2020-08-09 18:25:16,487:INFO:catboost==0.24
2020-08-09 18:25:18,004:INFO:mlflow==1.10.0
2020-08-09 18:25:18,004:INFO:Checking Exceptions
2020-08-09 18:25:18,004:INFO:Preloading libraries
2020-08-09 18:25:18,005:INFO:Preparing display monitor
2020-08-09 18:25:18,019:INFO:Importing libraries
2020-08-09 18:25:18,816:INFO:Copying data for preprocessing
2020-08-09 18:25:18,841:INFO:Declaring global variables
2020-08-09 18:25:18,847:INFO:Declaring preprocessing parameters
2020-08-09 18:25:18,847:INFO:Importing preprocessing module
2020-08-09 18:25:19,623:INFO:Creating preprocessing pipeline
2020-08-09 18:29:20,513:INFO:PyCaret Regression Module
2020-08-09 18:29:20,514:INFO:version 2.0
2020-08-09 18:29:20,514:INFO:Initializing setup()
2020-08-09 18:29:20,514:INFO:USI: 5060
2020-08-09 18:29:20,517:INFO:setup(data=(550068, 12), target=Purchase, train_size=0.7, sampling=False, sample_estimator=None, categorical_features=['Occupation'], categorical_imputation=constant, ordinal_features=None,
                    high_cardinality_features=None, high_cardinality_method=frequency, numeric_features=None, numeric_imputation=mean, date_features=None, ignore_features=None, normalize=True,
                    normalize_method=robust, transformation=True, transformation_method=yeo-johnson, handle_unknown_categorical=True, unknown_categorical_method=most_frequent, pca=False, pca_method=linear,
                    pca_components=None, ignore_low_variance=False, combine_rare_levels=False, rare_level_threshold=0.1, bin_numeric_features=None, remove_outliers=True, outliers_threshold=0.1,
                    remove_multicollinearity=False, multicollinearity_threshold=0.9, remove_perfect_collinearity=False, create_clusters=True, cluster_iter=20,
                    polynomial_features=False, polynomial_degree=2, trigonometry_features=False, polynomial_threshold=0.1, group_features=None,
                    group_names=None, feature_selection=False, feature_selection_threshold=0.8, feature_interaction=False, feature_ratio=False, interaction_threshold=0.01, transform_target=True,
                    transform_target_method=box-cox, data_split_shuffle=True, folds_shuffle=False, n_jobs=-1, html=True, session_id=707, log_experiment=False,
                    experiment_name=None, log_plots=False, log_profile=False, log_data=False, silent=True, verbose=True, profile=False)
2020-08-09 18:29:20,517:INFO:Checking environment
2020-08-09 18:29:20,517:INFO:python_version: 3.7.7
2020-08-09 18:29:20,517:INFO:python_build: ('default', 'May  6 2020 11:45:54')
2020-08-09 18:29:20,517:INFO:machine: AMD64
2020-08-09 18:29:20,517:INFO:platform: Windows-10-10.0.19041-SP0
2020-08-09 18:29:20,518:INFO:Memory: svmem(total=12883832832, available=3864784896, percent=70.0, used=9019047936, free=3864784896)
2020-08-09 18:29:20,519:INFO:Physical Core: 4
2020-08-09 18:29:20,519:INFO:Logical Core: 8
2020-08-09 18:29:20,519:INFO:Checking libraries
2020-08-09 18:29:20,519:INFO:pd==1.0.5
2020-08-09 18:29:20,519:INFO:numpy==1.19.1
2020-08-09 18:29:20,519:INFO:sklearn==0.23.2
2020-08-09 18:29:20,519:INFO:xgboost==1.1.1
2020-08-09 18:29:20,519:INFO:lightgbm==2.3.1
2020-08-09 18:29:20,520:INFO:catboost==0.24
2020-08-09 18:29:20,520:INFO:mlflow==1.10.0
2020-08-09 18:29:20,520:INFO:Checking Exceptions
2020-08-09 18:29:20,522:INFO:Preloading libraries
2020-08-09 18:29:20,522:INFO:Preparing display monitor
2020-08-09 18:29:20,567:INFO:Importing libraries
2020-08-09 18:29:20,578:INFO:Copying data for preprocessing
2020-08-09 18:29:20,681:INFO:Declaring global variables
2020-08-09 18:29:20,688:INFO:Declaring preprocessing parameters
2020-08-09 18:29:20,688:INFO:Importing preprocessing module
2020-08-09 18:29:20,688:INFO:Creating preprocessing pipeline
2020-08-09 18:34:30,212:INFO:PyCaret Regression Module
2020-08-09 18:34:30,212:INFO:version 2.0
2020-08-09 18:34:30,213:INFO:Initializing setup()
2020-08-09 18:34:30,213:INFO:USI: eeec
2020-08-09 18:34:30,213:INFO:setup(data=(550068, 12), target=Purchase, train_size=0.7, sampling=True, sample_estimator=None, categorical_features=['Occupation'], categorical_imputation=constant, ordinal_features=None,
                    high_cardinality_features=None, high_cardinality_method=frequency, numeric_features=None, numeric_imputation=mean, date_features=None, ignore_features=None, normalize=True,
                    normalize_method=robust, transformation=True, transformation_method=yeo-johnson, handle_unknown_categorical=True, unknown_categorical_method=most_frequent, pca=True, pca_method=linear,
                    pca_components=None, ignore_low_variance=False, combine_rare_levels=False, rare_level_threshold=0.1, bin_numeric_features=None, remove_outliers=True, outliers_threshold=0.1,
                    remove_multicollinearity=False, multicollinearity_threshold=0.9, remove_perfect_collinearity=False, create_clusters=True, cluster_iter=20,
                    polynomial_features=False, polynomial_degree=2, trigonometry_features=False, polynomial_threshold=0.1, group_features=None,
                    group_names=None, feature_selection=False, feature_selection_threshold=0.8, feature_interaction=False, feature_ratio=False, interaction_threshold=0.01, transform_target=True,
                    transform_target_method=box-cox, data_split_shuffle=True, folds_shuffle=False, n_jobs=-1, html=True, session_id=707, log_experiment=False,
                    experiment_name=None, log_plots=False, log_profile=False, log_data=False, silent=True, verbose=True, profile=False)
2020-08-09 18:34:30,213:INFO:Checking environment
2020-08-09 18:34:30,213:INFO:python_version: 3.7.7
2020-08-09 18:34:30,214:INFO:python_build: ('default', 'May  6 2020 11:45:54')
2020-08-09 18:34:30,214:INFO:machine: AMD64
2020-08-09 18:34:30,214:INFO:platform: Windows-10-10.0.19041-SP0
2020-08-09 18:34:30,214:INFO:Memory: svmem(total=12883832832, available=4922638336, percent=61.8, used=7961194496, free=4922638336)
2020-08-09 18:34:30,214:INFO:Physical Core: 4
2020-08-09 18:34:30,214:INFO:Logical Core: 8
2020-08-09 18:34:30,214:INFO:Checking libraries
2020-08-09 18:34:30,215:INFO:pd==1.0.5
2020-08-09 18:34:30,215:INFO:numpy==1.19.1
2020-08-09 18:34:30,215:INFO:sklearn==0.23.2
2020-08-09 18:34:30,215:INFO:xgboost==1.1.1
2020-08-09 18:34:30,215:INFO:lightgbm==2.3.1
2020-08-09 18:34:30,215:INFO:catboost==0.24
2020-08-09 18:34:30,215:INFO:mlflow==1.10.0
2020-08-09 18:34:30,215:INFO:Checking Exceptions
2020-08-09 18:34:30,215:INFO:Preloading libraries
2020-08-09 18:34:30,216:INFO:Preparing display monitor
2020-08-09 18:34:30,235:INFO:Importing libraries
2020-08-09 18:34:30,245:INFO:Copying data for preprocessing
2020-08-09 18:34:30,272:INFO:Declaring global variables
2020-08-09 18:34:30,279:INFO:Declaring preprocessing parameters
2020-08-09 18:34:30,279:INFO:Importing preprocessing module
2020-08-09 18:34:30,279:INFO:Creating preprocessing pipeline
2020-08-09 18:38:20,282:INFO:PyCaret Regression Module
2020-08-09 18:38:20,283:INFO:version 2.0
2020-08-09 18:38:20,283:INFO:Initializing setup()
2020-08-09 18:38:20,283:INFO:USI: ebf8
2020-08-09 18:38:20,283:INFO:setup(data=(550068, 12), target=Purchase, train_size=0.7, sampling=True, sample_estimator=None, categorical_features=['Occupation'], categorical_imputation=constant, ordinal_features=None,
                    high_cardinality_features=None, high_cardinality_method=frequency, numeric_features=None, numeric_imputation=mean, date_features=None, ignore_features=None, normalize=True,
                    normalize_method=zscore, transformation=True, transformation_method=yeo-johnson, handle_unknown_categorical=True, unknown_categorical_method=most_frequent, pca=True, pca_method=linear,
                    pca_components=None, ignore_low_variance=False, combine_rare_levels=False, rare_level_threshold=0.1, bin_numeric_features=None, remove_outliers=True, outliers_threshold=0.1,
                    remove_multicollinearity=False, multicollinearity_threshold=0.9, remove_perfect_collinearity=False, create_clusters=False, cluster_iter=20,
                    polynomial_features=False, polynomial_degree=2, trigonometry_features=False, polynomial_threshold=0.1, group_features=None,
                    group_names=None, feature_selection=False, feature_selection_threshold=0.8, feature_interaction=False, feature_ratio=False, interaction_threshold=0.01, transform_target=True,
                    transform_target_method=box-cox, data_split_shuffle=True, folds_shuffle=False, n_jobs=-1, html=True, session_id=707, log_experiment=False,
                    experiment_name=None, log_plots=False, log_profile=False, log_data=False, silent=True, verbose=True, profile=False)
2020-08-09 18:38:20,283:INFO:Checking environment
2020-08-09 18:38:20,283:INFO:python_version: 3.7.7
2020-08-09 18:38:20,283:INFO:python_build: ('default', 'May  6 2020 11:45:54')
2020-08-09 18:38:20,283:INFO:machine: AMD64
2020-08-09 18:38:20,283:INFO:platform: Windows-10-10.0.19041-SP0
2020-08-09 18:38:20,297:INFO:Memory: svmem(total=12883832832, available=9481875456, percent=26.4, used=3401957376, free=9481875456)
2020-08-09 18:38:20,297:INFO:Physical Core: 4
2020-08-09 18:38:20,297:INFO:Logical Core: 8
2020-08-09 18:38:20,297:INFO:Checking libraries
2020-08-09 18:38:20,297:INFO:pd==1.0.5
2020-08-09 18:38:20,297:INFO:numpy==1.19.1
2020-08-09 18:38:20,870:INFO:sklearn==0.23.2
2020-08-09 18:38:20,944:INFO:xgboost==1.1.1
2020-08-09 18:38:21,034:INFO:lightgbm==2.3.1
2020-08-09 18:38:21,056:INFO:catboost==0.24
2020-08-09 18:38:22,266:INFO:mlflow==1.10.0
2020-08-09 18:38:22,266:INFO:Checking Exceptions
2020-08-09 18:38:22,266:INFO:Preloading libraries
2020-08-09 18:38:22,266:INFO:Preparing display monitor
2020-08-09 18:38:22,282:INFO:Importing libraries
2020-08-09 18:38:22,968:INFO:Copying data for preprocessing
2020-08-09 18:38:22,989:INFO:Declaring global variables
2020-08-09 18:38:22,997:INFO:Declaring preprocessing parameters
2020-08-09 18:38:22,997:INFO:Importing preprocessing module
2020-08-09 18:38:23,662:INFO:Creating preprocessing pipeline
2020-08-09 18:59:29,279:INFO:PyCaret Regression Module
2020-08-09 18:59:29,280:INFO:version 2.0
2020-08-09 18:59:29,280:INFO:Initializing setup()
2020-08-09 18:59:29,282:INFO:USI: 359c
2020-08-09 18:59:29,282:INFO:setup(data=(550068, 12), target=Purchase, train_size=0.7, sampling=True, sample_estimator=None, categorical_features=['Occupation'], categorical_imputation=constant, ordinal_features=None,
                    high_cardinality_features=None, high_cardinality_method=frequency, numeric_features=None, numeric_imputation=mean, date_features=None, ignore_features=None, normalize=True,
                    normalize_method=zscore, transformation=True, transformation_method=yeo-johnson, handle_unknown_categorical=True, unknown_categorical_method=most_frequent, pca=True, pca_method=linear,
                    pca_components=None, ignore_low_variance=False, combine_rare_levels=False, rare_level_threshold=0.1, bin_numeric_features=None, remove_outliers=True, outliers_threshold=0.1,
                    remove_multicollinearity=False, multicollinearity_threshold=0.9, remove_perfect_collinearity=False, create_clusters=False, cluster_iter=20,
                    polynomial_features=False, polynomial_degree=2, trigonometry_features=False, polynomial_threshold=0.1, group_features=None,
                    group_names=None, feature_selection=False, feature_selection_threshold=0.8, feature_interaction=False, feature_ratio=False, interaction_threshold=0.01, transform_target=True,
                    transform_target_method=box-cox, data_split_shuffle=True, folds_shuffle=False, n_jobs=-1, html=True, session_id=707, log_experiment=False,
                    experiment_name=None, log_plots=False, log_profile=False, log_data=False, silent=True, verbose=True, profile=False)
2020-08-09 18:59:29,282:INFO:Checking environment
2020-08-09 18:59:29,283:INFO:python_version: 3.7.7
2020-08-09 18:59:29,283:INFO:python_build: ('default', 'May  6 2020 11:45:54')
2020-08-09 18:59:29,283:INFO:machine: AMD64
2020-08-09 18:59:29,283:INFO:platform: Windows-10-10.0.19041-SP0
2020-08-09 18:59:29,283:INFO:Memory: svmem(total=12883832832, available=8454643712, percent=34.4, used=4429189120, free=8454643712)
2020-08-09 18:59:29,283:INFO:Physical Core: 4
2020-08-09 18:59:29,283:INFO:Logical Core: 8
2020-08-09 18:59:29,284:INFO:Checking libraries
2020-08-09 18:59:29,284:INFO:pd==1.0.5
2020-08-09 18:59:29,284:INFO:numpy==1.19.1
2020-08-09 18:59:29,284:INFO:sklearn==0.23.2
2020-08-09 18:59:29,284:INFO:xgboost==1.1.1
2020-08-09 18:59:29,284:INFO:lightgbm==2.3.1
2020-08-09 18:59:29,284:INFO:catboost==0.24
2020-08-09 18:59:29,284:INFO:mlflow==1.10.0
2020-08-09 18:59:29,284:INFO:Checking Exceptions
2020-08-09 18:59:29,284:INFO:Preloading libraries
2020-08-09 18:59:29,284:INFO:Preparing display monitor
2020-08-09 18:59:29,300:INFO:Importing libraries
2020-08-09 18:59:29,312:INFO:Copying data for preprocessing
2020-08-09 18:59:29,321:INFO:Declaring global variables
2020-08-09 18:59:29,329:INFO:Declaring preprocessing parameters
2020-08-09 18:59:29,329:INFO:Importing preprocessing module
2020-08-09 18:59:29,329:INFO:Creating preprocessing pipeline
2020-08-09 19:12:50,853:INFO:PyCaret Regression Module
2020-08-09 19:12:50,853:INFO:version 2.0
2020-08-09 19:12:50,853:INFO:Initializing setup()
2020-08-09 19:12:50,853:INFO:USI: 4fc3
2020-08-09 19:12:50,853:INFO:setup(data=(550068, 12), target=Purchase, train_size=0.7, sampling=True, sample_estimator=None, categorical_features=None, categorical_imputation=constant, ordinal_features=None,
                    high_cardinality_features=None, high_cardinality_method=frequency, numeric_features=None, numeric_imputation=mean, date_features=None, ignore_features=None, normalize=True,
                    normalize_method=zscore, transformation=True, transformation_method=yeo-johnson, handle_unknown_categorical=True, unknown_categorical_method=most_frequent, pca=True, pca_method=linear,
                    pca_components=None, ignore_low_variance=False, combine_rare_levels=False, rare_level_threshold=0.1, bin_numeric_features=None, remove_outliers=True, outliers_threshold=0.1,
                    remove_multicollinearity=False, multicollinearity_threshold=0.9, remove_perfect_collinearity=False, create_clusters=False, cluster_iter=20,
                    polynomial_features=False, polynomial_degree=2, trigonometry_features=False, polynomial_threshold=0.1, group_features=None,
                    group_names=None, feature_selection=False, feature_selection_threshold=0.8, feature_interaction=False, feature_ratio=False, interaction_threshold=0.01, transform_target=True,
                    transform_target_method=box-cox, data_split_shuffle=True, folds_shuffle=False, n_jobs=-1, html=True, session_id=707, log_experiment=False,
                    experiment_name=None, log_plots=False, log_profile=False, log_data=False, silent=False, verbose=True, profile=False)
2020-08-09 19:12:50,853:INFO:Checking environment
2020-08-09 19:12:50,854:INFO:python_version: 3.7.7
2020-08-09 19:12:50,854:INFO:python_build: ('default', 'May  6 2020 11:45:54')
2020-08-09 19:12:50,854:INFO:machine: AMD64
2020-08-09 19:12:50,854:INFO:platform: Windows-10-10.0.19041-SP0
2020-08-09 19:12:50,854:INFO:Memory: svmem(total=12883832832, available=7716380672, percent=40.1, used=5167452160, free=7716380672)
2020-08-09 19:12:50,854:INFO:Physical Core: 4
2020-08-09 19:12:50,854:INFO:Logical Core: 8
2020-08-09 19:12:50,854:INFO:Checking libraries
2020-08-09 19:12:50,855:INFO:pd==1.0.5
2020-08-09 19:12:50,855:INFO:numpy==1.19.1
2020-08-09 19:12:50,855:INFO:sklearn==0.23.2
2020-08-09 19:12:50,855:INFO:xgboost==1.1.1
2020-08-09 19:12:50,855:INFO:lightgbm==2.3.1
2020-08-09 19:12:50,855:INFO:catboost==0.24
2020-08-09 19:12:50,855:INFO:mlflow==1.10.0
2020-08-09 19:12:50,855:INFO:Checking Exceptions
2020-08-09 19:12:50,855:INFO:Preloading libraries
2020-08-09 19:12:50,856:INFO:Preparing display monitor
2020-08-09 19:12:50,873:INFO:Importing libraries
2020-08-09 19:12:50,883:INFO:Copying data for preprocessing
2020-08-09 19:12:50,891:INFO:Declaring global variables
2020-08-09 19:12:50,898:INFO:Declaring preprocessing parameters
2020-08-09 19:12:50,899:INFO:Importing preprocessing module
2020-08-09 19:12:50,899:INFO:Creating preprocessing pipeline
2020-08-09 19:15:41,348:INFO:PyCaret Regression Module
2020-08-09 19:15:41,348:INFO:version 2.0
2020-08-09 19:15:41,349:INFO:Initializing setup()
2020-08-09 19:15:41,349:INFO:USI: 7381
2020-08-09 19:15:41,349:INFO:setup(data=(550068, 12), target=Purchase, train_size=0.7, sampling=True, sample_estimator=None, categorical_features=None, categorical_imputation=constant, ordinal_features=None,
                    high_cardinality_features=None, high_cardinality_method=frequency, numeric_features=None, numeric_imputation=mean, date_features=None, ignore_features=None, normalize=True,
                    normalize_method=zscore, transformation=True, transformation_method=yeo-johnson, handle_unknown_categorical=True, unknown_categorical_method=most_frequent, pca=True, pca_method=linear,
                    pca_components=None, ignore_low_variance=False, combine_rare_levels=False, rare_level_threshold=0.1, bin_numeric_features=None, remove_outliers=True, outliers_threshold=0.1,
                    remove_multicollinearity=False, multicollinearity_threshold=0.9, remove_perfect_collinearity=False, create_clusters=False, cluster_iter=20,
                    polynomial_features=False, polynomial_degree=2, trigonometry_features=False, polynomial_threshold=0.1, group_features=None,
                    group_names=None, feature_selection=False, feature_selection_threshold=0.8, feature_interaction=False, feature_ratio=False, interaction_threshold=0.01, transform_target=True,
                    transform_target_method=box-cox, data_split_shuffle=True, folds_shuffle=False, n_jobs=-1, html=True, session_id=707, log_experiment=False,
                    experiment_name=None, log_plots=False, log_profile=False, log_data=False, silent=False, verbose=True, profile=False)
2020-08-09 19:15:41,349:INFO:Checking environment
2020-08-09 19:15:41,349:INFO:python_version: 3.7.7
2020-08-09 19:15:41,349:INFO:python_build: ('default', 'May  6 2020 11:45:54')
2020-08-09 19:15:41,349:INFO:machine: AMD64
2020-08-09 19:15:41,349:INFO:platform: Windows-10-10.0.19041-SP0
2020-08-09 19:15:41,349:INFO:Memory: svmem(total=12883832832, available=7522844672, percent=41.6, used=5360988160, free=7522844672)
2020-08-09 19:15:41,350:INFO:Physical Core: 4
2020-08-09 19:15:41,350:INFO:Logical Core: 8
2020-08-09 19:15:41,350:INFO:Checking libraries
2020-08-09 19:15:41,350:INFO:pd==1.0.5
2020-08-09 19:15:41,350:INFO:numpy==1.19.1
2020-08-09 19:15:41,350:INFO:sklearn==0.23.2
2020-08-09 19:15:41,350:INFO:xgboost==1.1.1
2020-08-09 19:15:41,350:INFO:lightgbm==2.3.1
2020-08-09 19:15:41,350:INFO:catboost==0.24
2020-08-09 19:15:41,350:INFO:mlflow==1.10.0
2020-08-09 19:15:41,350:INFO:Checking Exceptions
2020-08-09 19:15:41,350:INFO:Preloading libraries
2020-08-09 19:15:41,351:INFO:Preparing display monitor
2020-08-09 19:15:41,366:INFO:Importing libraries
2020-08-09 19:15:41,377:INFO:Copying data for preprocessing
2020-08-09 19:15:41,383:INFO:Declaring global variables
2020-08-09 19:15:41,390:INFO:Declaring preprocessing parameters
2020-08-09 19:15:41,390:INFO:Importing preprocessing module
2020-08-09 19:15:41,390:INFO:Creating preprocessing pipeline
2020-08-09 19:17:36,747:INFO:PyCaret Regression Module
2020-08-09 19:17:36,747:INFO:version 2.0
2020-08-09 19:17:36,747:INFO:Initializing setup()
2020-08-09 19:17:36,747:INFO:USI: 03b5
2020-08-09 19:17:36,747:INFO:setup(data=(550068, 12), target=Purchase, train_size=0.7, sampling=True, sample_estimator=None, categorical_features=['User_ID', 'Product_ID', 'Gender'], categorical_imputation=constant, ordinal_features=None,
                    high_cardinality_features=None, high_cardinality_method=frequency, numeric_features=None, numeric_imputation=mean, date_features=None, ignore_features=None, normalize=True,
                    normalize_method=zscore, transformation=True, transformation_method=yeo-johnson, handle_unknown_categorical=True, unknown_categorical_method=most_frequent, pca=True, pca_method=linear,
                    pca_components=None, ignore_low_variance=False, combine_rare_levels=False, rare_level_threshold=0.1, bin_numeric_features=None, remove_outliers=True, outliers_threshold=0.1,
                    remove_multicollinearity=False, multicollinearity_threshold=0.9, remove_perfect_collinearity=False, create_clusters=False, cluster_iter=20,
                    polynomial_features=False, polynomial_degree=2, trigonometry_features=False, polynomial_threshold=0.1, group_features=None,
                    group_names=None, feature_selection=False, feature_selection_threshold=0.8, feature_interaction=False, feature_ratio=False, interaction_threshold=0.01, transform_target=True,
                    transform_target_method=box-cox, data_split_shuffle=True, folds_shuffle=False, n_jobs=-1, html=True, session_id=707, log_experiment=False,
                    experiment_name=None, log_plots=False, log_profile=False, log_data=False, silent=False, verbose=True, profile=False)
2020-08-09 19:17:36,747:INFO:Checking environment
2020-08-09 19:17:36,747:INFO:python_version: 3.7.7
2020-08-09 19:17:36,747:INFO:python_build: ('default', 'May  6 2020 11:45:54')
2020-08-09 19:17:36,747:INFO:machine: AMD64
2020-08-09 19:17:36,747:INFO:platform: Windows-10-10.0.19041-SP0
2020-08-09 19:17:36,748:INFO:Memory: svmem(total=12883832832, available=7059095552, percent=45.2, used=5824737280, free=7059095552)
2020-08-09 19:17:36,748:INFO:Physical Core: 4
2020-08-09 19:17:36,748:INFO:Logical Core: 8
2020-08-09 19:17:36,748:INFO:Checking libraries
2020-08-09 19:17:36,748:INFO:pd==1.0.5
2020-08-09 19:17:36,748:INFO:numpy==1.19.1
2020-08-09 19:17:36,748:INFO:sklearn==0.23.2
2020-08-09 19:17:36,748:INFO:xgboost==1.1.1
2020-08-09 19:17:36,748:INFO:lightgbm==2.3.1
2020-08-09 19:17:36,748:INFO:catboost==0.24
2020-08-09 19:17:36,748:INFO:mlflow==1.10.0
2020-08-09 19:17:36,748:INFO:Checking Exceptions
2020-08-09 19:17:36,748:INFO:Preloading libraries
2020-08-09 19:17:36,749:INFO:Preparing display monitor
2020-08-09 19:17:36,764:INFO:Importing libraries
2020-08-09 19:17:36,780:INFO:Copying data for preprocessing
2020-08-09 19:17:36,788:INFO:Declaring global variables
2020-08-09 19:17:36,795:INFO:Declaring preprocessing parameters
2020-08-09 19:17:36,795:INFO:Importing preprocessing module
2020-08-09 19:17:36,796:INFO:Creating preprocessing pipeline
2020-08-09 19:21:02,917:INFO:PyCaret Regression Module
2020-08-09 19:21:02,917:INFO:version 2.0
2020-08-09 19:21:02,917:INFO:Initializing setup()
2020-08-09 19:21:02,917:INFO:USI: f2c6
2020-08-09 19:21:02,917:INFO:setup(data=(550068, 12), target=Purchase, train_size=0.7, sampling=True, sample_estimator=None, categorical_features=['User_ID', 'Product_ID', 'Gender', 'Occupation', 'City_Category', 'Marital_Status', 'Product_Category_1', 'Product_Category_2', 'Product_Category_3'], categorical_imputation=constant, ordinal_features=None,
                    high_cardinality_features=None, high_cardinality_method=frequency, numeric_features=['Stay_In_Current_City_Years'], numeric_imputation=mean, date_features=None, ignore_features=None, normalize=True,
                    normalize_method=zscore, transformation=True, transformation_method=yeo-johnson, handle_unknown_categorical=True, unknown_categorical_method=most_frequent, pca=True, pca_method=linear,
                    pca_components=None, ignore_low_variance=False, combine_rare_levels=False, rare_level_threshold=0.1, bin_numeric_features=None, remove_outliers=True, outliers_threshold=0.1,
                    remove_multicollinearity=False, multicollinearity_threshold=0.9, remove_perfect_collinearity=False, create_clusters=False, cluster_iter=20,
                    polynomial_features=False, polynomial_degree=2, trigonometry_features=False, polynomial_threshold=0.1, group_features=None,
                    group_names=None, feature_selection=False, feature_selection_threshold=0.8, feature_interaction=False, feature_ratio=False, interaction_threshold=0.01, transform_target=True,
                    transform_target_method=box-cox, data_split_shuffle=True, folds_shuffle=False, n_jobs=-1, html=True, session_id=707, log_experiment=False,
                    experiment_name=None, log_plots=False, log_profile=False, log_data=False, silent=False, verbose=True, profile=False)
2020-08-09 19:21:02,918:INFO:Checking environment
2020-08-09 19:21:02,918:INFO:python_version: 3.7.7
2020-08-09 19:21:02,918:INFO:python_build: ('default', 'May  6 2020 11:45:54')
2020-08-09 19:21:02,918:INFO:machine: AMD64
2020-08-09 19:21:02,918:INFO:platform: Windows-10-10.0.19041-SP0
2020-08-09 19:21:02,935:INFO:Memory: svmem(total=12883832832, available=8090652672, percent=37.2, used=4793180160, free=8090652672)
2020-08-09 19:21:02,935:INFO:Physical Core: 4
2020-08-09 19:21:02,935:INFO:Logical Core: 8
2020-08-09 19:21:02,935:INFO:Checking libraries
2020-08-09 19:21:02,935:INFO:pd==1.0.5
2020-08-09 19:21:02,935:INFO:numpy==1.19.1
2020-08-09 19:21:03,496:INFO:sklearn==0.23.2
2020-08-09 19:21:03,570:INFO:xgboost==1.1.1
2020-08-09 19:21:03,665:INFO:lightgbm==2.3.1
2020-08-09 19:21:03,684:INFO:catboost==0.24
2020-08-09 19:21:05,300:INFO:mlflow==1.10.0
2020-08-09 19:21:05,300:INFO:Checking Exceptions
2020-08-09 19:21:05,301:INFO:Preloading libraries
2020-08-09 19:21:05,301:INFO:Preparing display monitor
2020-08-09 19:21:05,316:INFO:Importing libraries
2020-08-09 19:21:06,036:INFO:Copying data for preprocessing
2020-08-09 19:21:06,043:INFO:Declaring global variables
2020-08-09 19:21:06,049:INFO:Declaring preprocessing parameters
2020-08-09 19:21:06,049:INFO:Importing preprocessing module
2020-08-09 19:21:06,708:INFO:Creating preprocessing pipeline
2020-08-09 19:24:03,461:INFO:PyCaret Regression Module
2020-08-09 19:24:03,461:INFO:version 2.0
2020-08-09 19:24:03,461:INFO:Initializing setup()
2020-08-09 19:24:03,462:INFO:USI: 4b49
2020-08-09 19:24:03,462:INFO:setup(data=(20000, 12), target=Purchase, train_size=0.7, sampling=True, sample_estimator=None, categorical_features=['User_ID', 'Product_ID', 'Gender', 'Occupation', 'City_Category', 'Marital_Status', 'Product_Category_1', 'Product_Category_2', 'Product_Category_3'], categorical_imputation=constant, ordinal_features=None,
                    high_cardinality_features=None, high_cardinality_method=frequency, numeric_features=['Stay_In_Current_City_Years'], numeric_imputation=mean, date_features=None, ignore_features=None, normalize=True,
                    normalize_method=zscore, transformation=True, transformation_method=yeo-johnson, handle_unknown_categorical=True, unknown_categorical_method=most_frequent, pca=True, pca_method=linear,
                    pca_components=None, ignore_low_variance=False, combine_rare_levels=False, rare_level_threshold=0.1, bin_numeric_features=None, remove_outliers=True, outliers_threshold=0.1,
                    remove_multicollinearity=False, multicollinearity_threshold=0.9, remove_perfect_collinearity=False, create_clusters=False, cluster_iter=20,
                    polynomial_features=False, polynomial_degree=2, trigonometry_features=False, polynomial_threshold=0.1, group_features=None,
                    group_names=None, feature_selection=False, feature_selection_threshold=0.8, feature_interaction=False, feature_ratio=False, interaction_threshold=0.01, transform_target=True,
                    transform_target_method=box-cox, data_split_shuffle=True, folds_shuffle=False, n_jobs=-1, html=True, session_id=707, log_experiment=False,
                    experiment_name=None, log_plots=False, log_profile=False, log_data=False, silent=False, verbose=True, profile=False)
2020-08-09 19:24:03,462:INFO:Checking environment
2020-08-09 19:24:03,462:INFO:python_version: 3.7.7
2020-08-09 19:24:03,462:INFO:python_build: ('default', 'May  6 2020 11:45:54')
2020-08-09 19:24:03,462:INFO:machine: AMD64
2020-08-09 19:24:03,462:INFO:platform: Windows-10-10.0.19041-SP0
2020-08-09 19:24:03,462:INFO:Memory: svmem(total=12883832832, available=3771764736, percent=70.7, used=9112068096, free=3771764736)
2020-08-09 19:24:03,463:INFO:Physical Core: 4
2020-08-09 19:24:03,463:INFO:Logical Core: 8
2020-08-09 19:24:03,463:INFO:Checking libraries
2020-08-09 19:24:03,463:INFO:pd==1.0.5
2020-08-09 19:24:03,463:INFO:numpy==1.19.1
2020-08-09 19:24:03,463:INFO:sklearn==0.23.2
2020-08-09 19:24:03,463:INFO:xgboost==1.1.1
2020-08-09 19:24:03,463:INFO:lightgbm==2.3.1
2020-08-09 19:24:03,463:INFO:catboost==0.24
2020-08-09 19:24:03,463:INFO:mlflow==1.10.0
2020-08-09 19:24:03,463:INFO:Checking Exceptions
2020-08-09 19:24:03,463:INFO:Preloading libraries
2020-08-09 19:24:03,463:INFO:Preparing display monitor
2020-08-09 19:24:03,482:INFO:Importing libraries
2020-08-09 19:24:03,492:INFO:Copying data for preprocessing
2020-08-09 19:24:03,492:INFO:Declaring global variables
2020-08-09 19:24:03,498:INFO:Declaring preprocessing parameters
2020-08-09 19:24:03,498:INFO:Importing preprocessing module
2020-08-09 19:24:03,498:INFO:Creating preprocessing pipeline
2020-08-09 19:24:22,574:INFO:PyCaret Regression Module
2020-08-09 19:24:22,575:INFO:version 2.0
2020-08-09 19:24:22,575:INFO:Initializing setup()
2020-08-09 19:24:22,575:INFO:USI: ad16
2020-08-09 19:24:22,575:INFO:setup(data=(20000, 12), target=Purchase, train_size=0.7, sampling=True, sample_estimator=None, categorical_features=['User_ID', 'Product_ID', 'Gender', 'Occupation', 'City_Category', 'Marital_Status', 'Product_Category_1', 'Product_Category_2', 'Product_Category_3'], categorical_imputation=constant, ordinal_features=None,
                    high_cardinality_features=None, high_cardinality_method=frequency, numeric_features=['Stay_In_Current_City_Years'], numeric_imputation=mean, date_features=None, ignore_features=None, normalize=True,
                    normalize_method=zscore, transformation=True, transformation_method=yeo-johnson, handle_unknown_categorical=True, unknown_categorical_method=most_frequent, pca=True, pca_method=linear,
                    pca_components=None, ignore_low_variance=False, combine_rare_levels=False, rare_level_threshold=0.1, bin_numeric_features=None, remove_outliers=True, outliers_threshold=0.1,
                    remove_multicollinearity=False, multicollinearity_threshold=0.9, remove_perfect_collinearity=False, create_clusters=False, cluster_iter=20,
                    polynomial_features=False, polynomial_degree=2, trigonometry_features=False, polynomial_threshold=0.1, group_features=None,
                    group_names=None, feature_selection=False, feature_selection_threshold=0.8, feature_interaction=False, feature_ratio=False, interaction_threshold=0.01, transform_target=True,
                    transform_target_method=box-cox, data_split_shuffle=True, folds_shuffle=False, n_jobs=-1, html=True, session_id=707, log_experiment=False,
                    experiment_name=None, log_plots=False, log_profile=False, log_data=False, silent=False, verbose=True, profile=False)
2020-08-09 19:24:22,575:INFO:Checking environment
2020-08-09 19:24:22,575:INFO:python_version: 3.7.7
2020-08-09 19:24:22,575:INFO:python_build: ('default', 'May  6 2020 11:45:54')
2020-08-09 19:24:22,575:INFO:machine: AMD64
2020-08-09 19:24:22,575:INFO:platform: Windows-10-10.0.19041-SP0
2020-08-09 19:24:22,576:INFO:Memory: svmem(total=12883832832, available=1442009088, percent=88.8, used=11441823744, free=1442009088)
2020-08-09 19:24:22,576:INFO:Physical Core: 4
2020-08-09 19:24:22,576:INFO:Logical Core: 8
2020-08-09 19:24:22,576:INFO:Checking libraries
2020-08-09 19:24:22,576:INFO:pd==1.0.5
2020-08-09 19:24:22,576:INFO:numpy==1.19.1
2020-08-09 19:24:22,576:INFO:sklearn==0.23.2
2020-08-09 19:24:22,576:INFO:xgboost==1.1.1
2020-08-09 19:24:22,576:INFO:lightgbm==2.3.1
2020-08-09 19:24:22,576:INFO:catboost==0.24
2020-08-09 19:24:22,576:INFO:mlflow==1.10.0
2020-08-09 19:24:22,577:INFO:Checking Exceptions
2020-08-09 19:24:22,577:INFO:Preloading libraries
2020-08-09 19:24:22,577:INFO:Preparing display monitor
2020-08-09 19:24:22,594:INFO:Importing libraries
2020-08-09 19:24:22,605:INFO:Copying data for preprocessing
2020-08-09 19:24:22,607:INFO:Declaring global variables
2020-08-09 19:24:22,612:INFO:Declaring preprocessing parameters
2020-08-09 19:24:22,612:INFO:Importing preprocessing module
2020-08-09 19:24:22,612:INFO:Creating preprocessing pipeline
2020-08-09 19:24:34,992:INFO:PyCaret Regression Module
2020-08-09 19:24:34,993:INFO:version 2.0
2020-08-09 19:24:34,993:INFO:Initializing setup()
2020-08-09 19:24:34,993:INFO:USI: 9154
2020-08-09 19:24:34,993:INFO:setup(data=(20000, 12), target=Purchase, train_size=0.7, sampling=True, sample_estimator=None, categorical_features=['User_ID', 'Product_ID', 'Gender', 'Occupation', 'City_Category', 'Marital_Status', 'Product_Category_1', 'Product_Category_2', 'Product_Category_3'], categorical_imputation=constant, ordinal_features=None,
                    high_cardinality_features=None, high_cardinality_method=frequency, numeric_features=None, numeric_imputation=mean, date_features=None, ignore_features=None, normalize=True,
                    normalize_method=zscore, transformation=True, transformation_method=yeo-johnson, handle_unknown_categorical=True, unknown_categorical_method=most_frequent, pca=True, pca_method=linear,
                    pca_components=None, ignore_low_variance=False, combine_rare_levels=False, rare_level_threshold=0.1, bin_numeric_features=None, remove_outliers=True, outliers_threshold=0.1,
                    remove_multicollinearity=False, multicollinearity_threshold=0.9, remove_perfect_collinearity=False, create_clusters=False, cluster_iter=20,
                    polynomial_features=False, polynomial_degree=2, trigonometry_features=False, polynomial_threshold=0.1, group_features=None,
                    group_names=None, feature_selection=False, feature_selection_threshold=0.8, feature_interaction=False, feature_ratio=False, interaction_threshold=0.01, transform_target=True,
                    transform_target_method=box-cox, data_split_shuffle=True, folds_shuffle=False, n_jobs=-1, html=True, session_id=707, log_experiment=False,
                    experiment_name=None, log_plots=False, log_profile=False, log_data=False, silent=False, verbose=True, profile=False)
2020-08-09 19:24:34,993:INFO:Checking environment
2020-08-09 19:24:34,993:INFO:python_version: 3.7.7
2020-08-09 19:24:34,993:INFO:python_build: ('default', 'May  6 2020 11:45:54')
2020-08-09 19:24:34,993:INFO:machine: AMD64
2020-08-09 19:24:34,993:INFO:platform: Windows-10-10.0.19041-SP0
2020-08-09 19:24:34,994:INFO:Memory: svmem(total=12883832832, available=1429315584, percent=88.9, used=11454517248, free=1429315584)
2020-08-09 19:24:34,994:INFO:Physical Core: 4
2020-08-09 19:24:34,994:INFO:Logical Core: 8
2020-08-09 19:24:34,994:INFO:Checking libraries
2020-08-09 19:24:34,994:INFO:pd==1.0.5
2020-08-09 19:24:34,994:INFO:numpy==1.19.1
2020-08-09 19:24:34,994:INFO:sklearn==0.23.2
2020-08-09 19:24:34,994:INFO:xgboost==1.1.1
2020-08-09 19:24:34,994:INFO:lightgbm==2.3.1
2020-08-09 19:24:34,994:INFO:catboost==0.24
2020-08-09 19:24:34,994:INFO:mlflow==1.10.0
2020-08-09 19:24:34,994:INFO:Checking Exceptions
2020-08-09 19:24:34,994:INFO:Preloading libraries
2020-08-09 19:24:34,995:INFO:Preparing display monitor
2020-08-09 19:24:35,011:INFO:Importing libraries
2020-08-09 19:24:35,941:INFO:Copying data for preprocessing
2020-08-09 19:24:35,943:INFO:Declaring global variables
2020-08-09 19:24:35,949:INFO:Declaring preprocessing parameters
2020-08-09 19:24:35,949:INFO:Importing preprocessing module
2020-08-09 19:24:35,949:INFO:Creating preprocessing pipeline
