2020-08-17 00:14:46,457:INFO:PyCaret Regression Module
2020-08-17 00:14:46,457:INFO:version 2.0
2020-08-17 00:14:46,457:INFO:Initializing setup()
2020-08-17 00:14:46,457:INFO:USI: a10d
2020-08-17 00:14:46,457:INFO:setup(data=(10299, 562), target=Activity, train_size=0.7, sampling=True, sample_estimator=None, categorical_features=None, categorical_imputation=constant, ordinal_features=None,
                    high_cardinality_features=None, high_cardinality_method=frequency, numeric_features=None, numeric_imputation=mean, date_features=None, ignore_features=None, normalize=False,
                    normalize_method=zscore, transformation=False, transformation_method=yeo-johnson, handle_unknown_categorical=True, unknown_categorical_method=least_frequent, pca=False, pca_method=linear,
                    pca_components=None, ignore_low_variance=False, combine_rare_levels=False, rare_level_threshold=0.1, bin_numeric_features=None, remove_outliers=False, outliers_threshold=0.05,
                    remove_multicollinearity=False, multicollinearity_threshold=0.9, remove_perfect_collinearity=False, create_clusters=False, cluster_iter=20,
                    polynomial_features=False, polynomial_degree=2, trigonometry_features=False, polynomial_threshold=0.1, group_features=None,
                    group_names=None, feature_selection=False, feature_selection_threshold=0.8, feature_interaction=False, feature_ratio=False, interaction_threshold=0.01, transform_target=False,
                    transform_target_method=box-cox, data_split_shuffle=True, folds_shuffle=False, n_jobs=-1, html=True, session_id=None, log_experiment=False,
                    experiment_name=None, log_plots=False, log_profile=False, log_data=False, silent=False, verbose=True, profile=False)
2020-08-17 00:14:46,459:INFO:Checking environment
2020-08-17 00:14:46,459:INFO:python_version: 3.7.7
2020-08-17 00:14:46,459:INFO:python_build: ('default', 'May  6 2020 11:45:54')
2020-08-17 00:14:46,459:INFO:machine: AMD64
2020-08-17 00:14:46,459:INFO:platform: Windows-10-10.0.19041-SP0
2020-08-17 00:14:46,475:INFO:Memory: svmem(total=12883832832, available=7058894848, percent=45.2, used=5824937984, free=7058894848)
2020-08-17 00:14:46,475:INFO:Physical Core: 4
2020-08-17 00:14:46,475:INFO:Logical Core: 8
2020-08-17 00:14:46,475:INFO:Checking libraries
2020-08-17 00:14:46,475:INFO:pd==1.0.5
2020-08-17 00:14:46,475:INFO:numpy==1.19.1
2020-08-17 00:14:46,983:INFO:sklearn==0.23.2
2020-08-17 00:14:47,149:INFO:xgboost==1.1.1
2020-08-17 00:14:47,212:INFO:lightgbm==2.3.1
2020-08-17 00:14:47,227:INFO:catboost==0.24
2020-08-17 00:14:48,270:INFO:mlflow==1.10.0
2020-08-17 00:14:48,271:INFO:Checking Exceptions
2020-08-17 00:14:48,271:INFO:Preloading libraries
2020-08-17 00:14:48,271:INFO:Preparing display monitor
2020-08-17 00:14:48,288:INFO:Importing libraries
2020-08-17 00:14:48,993:INFO:Copying data for preprocessing
2020-08-17 00:14:49,002:INFO:Declaring global variables
2020-08-17 00:14:49,008:INFO:Declaring preprocessing parameters
2020-08-17 00:14:49,008:INFO:Importing preprocessing module
2020-08-17 00:14:49,611:INFO:Creating preprocessing pipeline
2020-08-17 00:14:53,426:INFO:Preprocessing pipeline created successfully
2020-08-17 00:14:53,426:INFO:No inverse transformer found
2020-08-17 00:14:53,427:INFO:Creating grid variables
2020-08-17 00:14:53,448:INFO:Creating global containers
2020-08-17 00:14:53,583:INFO:create_model_container: 0
2020-08-17 00:14:53,583:INFO:master_model_container: 0
2020-08-17 00:14:53,583:INFO:display_container: 0
2020-08-17 00:14:53,583:INFO:setup() succesfully completed......................................
2020-08-17 00:15:10,113:INFO:Initializing compare_models()
2020-08-17 00:15:10,113:INFO:compare_models(blacklist=None, whitelist=None, fold=10, round=4, sort=R2, n_select=1, turbo=True, verbose=True)
2020-08-17 00:15:10,113:INFO:Checking exceptions
2020-08-17 00:15:10,113:INFO:Preloading libraries
2020-08-17 00:15:10,113:INFO:Preparing display monitor
2020-08-17 00:15:10,136:INFO:Copying training dataset
2020-08-17 00:15:10,143:INFO:Importing libraries
2020-08-17 00:15:10,161:INFO:Importing untrained models
2020-08-17 00:15:10,162:INFO:Import successful
2020-08-17 00:15:10,168:INFO:Defining folds
2020-08-17 00:15:10,169:INFO:Declaring metric variables
2020-08-17 00:15:10,169:INFO:Initializing Linear Regression
2020-08-17 00:15:10,177:INFO:Initializing Fold 1
2020-08-17 00:15:10,196:INFO:Fitting Model
2020-08-17 00:15:55,669:INFO:PyCaret Classification Module
2020-08-17 00:15:55,669:INFO:version 2.0
2020-08-17 00:15:55,670:INFO:Initializing setup()
2020-08-17 00:15:55,670:INFO:USI: 8456
2020-08-17 00:15:55,670:INFO:setup(data=(10299, 562), target=Activity, train_size=0.7, sampling=True, sample_estimator=None, categorical_features=None, categorical_imputation=constant, ordinal_features=None,
                    high_cardinality_features=None, high_cardinality_method=frequency, numeric_features=None, numeric_imputation=mean, date_features=None, ignore_features=None, normalize=False,
                    normalize_method=zscore, transformation=False, transformation_method=yeo-johnson, handle_unknown_categorical=True, unknown_categorical_method=least_frequent, pca=False, pca_method=linear,
                    pca_components=None, ignore_low_variance=False, combine_rare_levels=False, rare_level_threshold=0.1, bin_numeric_features=None, remove_outliers=False, outliers_threshold=0.05,
                    remove_multicollinearity=False, multicollinearity_threshold=0.9, remove_perfect_collinearity=False, create_clusters=False, cluster_iter=20,
                    polynomial_features=False, polynomial_degree=2, trigonometry_features=False, polynomial_threshold=0.1, group_features=None,
                    group_names=None, feature_selection=False, feature_selection_threshold=0.8, feature_interaction=False, feature_ratio=False, interaction_threshold=0.01,
                    fix_imbalance=False, fix_imbalance_method=None, data_split_shuffle=True, folds_shuffle=False, n_jobs=-1, html=True, session_id=None, log_experiment=False,
                    experiment_name=None, log_plots=False, log_profile=False, log_data=False, silent=False, verbose=True, profile=False)
2020-08-17 00:15:55,670:INFO:Checking environment
2020-08-17 00:15:55,670:INFO:python_version: 3.7.7
2020-08-17 00:15:55,670:INFO:python_build: ('default', 'May  6 2020 11:45:54')
2020-08-17 00:15:55,671:INFO:machine: AMD64
2020-08-17 00:15:55,671:INFO:platform: Windows-10-10.0.19041-SP0
2020-08-17 00:15:55,671:INFO:Memory: svmem(total=12883832832, available=6693793792, percent=48.0, used=6190039040, free=6693793792)
2020-08-17 00:15:55,671:INFO:Physical Core: 4
2020-08-17 00:15:55,671:INFO:Logical Core: 8
2020-08-17 00:15:55,671:INFO:Checking libraries
2020-08-17 00:15:55,671:INFO:pd==1.0.5
2020-08-17 00:15:55,672:INFO:numpy==1.19.1
2020-08-17 00:15:55,672:INFO:sklearn==0.23.2
2020-08-17 00:15:55,672:INFO:xgboost==1.1.1
2020-08-17 00:15:55,672:INFO:lightgbm==2.3.1
2020-08-17 00:15:55,672:INFO:catboost==0.24
2020-08-17 00:15:55,672:INFO:mlflow==1.10.0
2020-08-17 00:15:55,672:INFO:Checking Exceptions
2020-08-17 00:15:55,672:INFO:Preloading libraries
2020-08-17 00:15:55,673:INFO:Preparing display monitor
2020-08-17 00:15:55,689:INFO:Importing libraries
2020-08-17 00:15:55,698:INFO:Copying data for preprocessing
2020-08-17 00:15:55,706:INFO:Declaring global variables
2020-08-17 00:15:55,711:INFO:Declaring preprocessing parameters
2020-08-17 00:15:55,711:INFO:Importing preprocessing module
2020-08-17 00:15:55,712:INFO:Creating preprocessing pipeline
2020-08-17 00:15:58,438:INFO:Preprocessing pipeline created successfully
2020-08-17 00:15:58,438:INFO:Creating grid variables
2020-08-17 00:15:58,460:INFO:Creating global containers
2020-08-17 00:15:58,557:INFO:create_model_container 0
2020-08-17 00:15:58,558:INFO:master_model_container 0
2020-08-17 00:15:58,558:INFO:display_container 0
2020-08-17 00:15:58,564:INFO:Pipeline(memory=None,
         steps=[('dtypes',
                 DataTypes_Auto_infer(categorical_features=[],
                                      display_types=True, features_todrop=[],
                                      ml_usecase='regression',
                                      numerical_features=[], target='Activity',
                                      time_features=[])),
                ('imputer',
                 Simple_Imputer(categorical_strategy='not_available',
                                numeric_strategy='mean',
                                target_variable=None)),
                ('new_levels1',
                 New_Catagorical_Level...
                ('group', Empty()), ('nonliner', Empty()), ('scaling', Empty()),
                ('P_transform', Empty()), ('pt_target', Empty()),
                ('binn', Empty()), ('rem_outliers', Empty()),
                ('cluster_all', Empty()), ('dummy', Dummify(target='Activity')),
                ('fix_perfect', Empty()), ('clean_names', Clean_Colum_Names()),
                ('feature_select', Empty()), ('fix_multi', Empty()),
                ('dfs', Empty()), ('pca', Empty())],
         verbose=False)
2020-08-17 00:15:58,565:INFO:setup() succesfully completed......................................
2020-08-17 00:15:58,676:INFO:Initializing compare_models()
2020-08-17 00:15:58,676:INFO:compare_models(blacklist=None, whitelist=None, fold=10, round=4, sort=Accuracy, n_select=1, turbo=True, verbose=True)
2020-08-17 00:15:58,676:INFO:Checking exceptions
2020-08-17 00:15:58,678:INFO:Preloading libraries
2020-08-17 00:15:58,678:INFO:Preparing display monitor
2020-08-17 00:15:58,702:INFO:Copying training dataset
2020-08-17 00:15:58,703:INFO:Importing libraries
2020-08-17 00:15:58,734:INFO:Importing untrained models
2020-08-17 00:15:58,734:INFO:Import successful
2020-08-17 00:15:58,742:INFO:Defining folds
2020-08-17 00:15:58,742:INFO:Declaring metric variables
2020-08-17 00:15:58,743:INFO:Initializing Logistic Regression
2020-08-17 00:15:58,757:INFO:Initializing Fold 1
2020-08-17 00:15:58,774:INFO:Fitting Model
2020-08-17 00:16:01,088:INFO:Evaluating Metrics
2020-08-17 00:16:01,181:INFO:Compiling Metrics
2020-08-17 00:16:01,192:INFO:Initializing Fold 2
2020-08-17 00:16:01,217:INFO:Fitting Model
2020-08-17 00:16:03,490:INFO:Evaluating Metrics
2020-08-17 00:16:03,582:INFO:Compiling Metrics
2020-08-17 00:16:03,593:INFO:Initializing Fold 3
2020-08-17 00:16:03,619:INFO:Fitting Model
2020-08-17 00:16:06,036:INFO:Evaluating Metrics
2020-08-17 00:16:06,144:INFO:Compiling Metrics
2020-08-17 00:16:06,156:INFO:Initializing Fold 4
2020-08-17 00:16:06,179:INFO:Fitting Model
2020-08-17 00:16:08,542:INFO:Evaluating Metrics
2020-08-17 00:16:08,640:INFO:Compiling Metrics
2020-08-17 00:16:08,652:INFO:Initializing Fold 5
2020-08-17 00:16:08,672:INFO:Fitting Model
2020-08-17 00:16:11,000:INFO:Evaluating Metrics
2020-08-17 00:16:11,093:INFO:Compiling Metrics
2020-08-17 00:16:11,105:INFO:Initializing Fold 6
2020-08-17 00:16:11,129:INFO:Fitting Model
2020-08-17 00:16:13,452:INFO:Evaluating Metrics
2020-08-17 00:16:13,549:INFO:Compiling Metrics
2020-08-17 00:16:13,561:INFO:Initializing Fold 7
2020-08-17 00:16:13,582:INFO:Fitting Model
2020-08-17 00:16:16,008:INFO:Evaluating Metrics
2020-08-17 00:16:16,108:INFO:Compiling Metrics
2020-08-17 00:16:16,119:INFO:Initializing Fold 8
2020-08-17 00:16:16,140:INFO:Fitting Model
2020-08-17 00:16:18,448:INFO:Evaluating Metrics
2020-08-17 00:16:18,554:INFO:Compiling Metrics
2020-08-17 00:16:18,571:INFO:Initializing Fold 9
2020-08-17 00:16:18,599:INFO:Fitting Model
2020-08-17 00:16:21,031:INFO:Evaluating Metrics
2020-08-17 00:16:21,140:INFO:Compiling Metrics
2020-08-17 00:16:21,152:INFO:Initializing Fold 10
2020-08-17 00:16:21,178:INFO:Fitting Model
2020-08-17 00:16:23,624:INFO:Evaluating Metrics
2020-08-17 00:16:23,733:INFO:Compiling Metrics
2020-08-17 00:16:23,746:INFO:Calculating mean and std
2020-08-17 00:16:23,746:INFO:Creating metrics dataframe
2020-08-17 00:16:23,762:INFO:Initializing K Neighbors Classifier
2020-08-17 00:16:23,783:INFO:Initializing Fold 1
2020-08-17 00:16:23,811:INFO:Fitting Model
2020-08-17 00:16:29,721:INFO:Evaluating Metrics
2020-08-17 00:16:37,080:INFO:Compiling Metrics
2020-08-17 00:16:37,092:INFO:Initializing Fold 2
2020-08-17 00:16:37,112:INFO:Fitting Model
2020-08-17 00:16:42,784:INFO:Evaluating Metrics
2020-08-17 00:16:50,457:INFO:Compiling Metrics
2020-08-17 00:16:50,469:INFO:Initializing Fold 3
2020-08-17 00:16:50,490:INFO:Fitting Model
2020-08-17 00:16:56,220:INFO:Evaluating Metrics
2020-08-17 00:17:03,555:INFO:Compiling Metrics
2020-08-17 00:17:03,568:INFO:Initializing Fold 4
2020-08-17 00:17:03,591:INFO:Fitting Model
2020-08-17 00:17:09,337:INFO:Evaluating Metrics
2020-08-17 00:17:16,915:INFO:Compiling Metrics
2020-08-17 00:17:16,927:INFO:Initializing Fold 5
2020-08-17 00:17:16,951:INFO:Fitting Model
2020-08-17 00:17:22,752:INFO:Evaluating Metrics
2020-08-17 00:17:30,229:INFO:Compiling Metrics
2020-08-17 00:17:30,241:INFO:Initializing Fold 6
2020-08-17 00:17:30,264:INFO:Fitting Model
2020-08-17 00:17:35,918:INFO:Evaluating Metrics
2020-08-17 00:17:43,001:INFO:Compiling Metrics
2020-08-17 00:17:43,013:INFO:Initializing Fold 7
2020-08-17 00:17:43,031:INFO:Fitting Model
2020-08-17 00:17:48,688:INFO:Evaluating Metrics
2020-08-17 00:17:55,837:INFO:Compiling Metrics
2020-08-17 00:17:55,852:INFO:Initializing Fold 8
2020-08-17 00:17:55,884:INFO:Fitting Model
2020-08-17 00:18:02,458:INFO:Evaluating Metrics
2020-08-17 00:18:09,901:INFO:Compiling Metrics
2020-08-17 00:18:09,913:INFO:Initializing Fold 9
2020-08-17 00:18:09,931:INFO:Fitting Model
2020-08-17 00:18:15,487:INFO:Evaluating Metrics
2020-08-17 00:18:22,829:INFO:Compiling Metrics
2020-08-17 00:18:22,840:INFO:Initializing Fold 10
2020-08-17 00:18:22,860:INFO:Fitting Model
2020-08-17 00:18:28,626:INFO:Evaluating Metrics
2020-08-17 00:18:35,803:INFO:Compiling Metrics
2020-08-17 00:18:35,816:INFO:Calculating mean and std
2020-08-17 00:18:35,816:INFO:Creating metrics dataframe
2020-08-17 00:18:35,831:INFO:Initializing Naive Bayes
2020-08-17 00:18:35,845:INFO:Initializing Fold 1
2020-08-17 00:18:35,864:INFO:Fitting Model
2020-08-17 00:18:36,157:INFO:Evaluating Metrics
2020-08-17 00:18:36,336:INFO:Compiling Metrics
2020-08-17 00:18:36,347:INFO:Initializing Fold 2
2020-08-17 00:18:36,368:INFO:Fitting Model
2020-08-17 00:18:36,653:INFO:Evaluating Metrics
2020-08-17 00:18:36,833:INFO:Compiling Metrics
2020-08-17 00:18:36,844:INFO:Initializing Fold 3
2020-08-17 00:18:36,865:INFO:Fitting Model
2020-08-17 00:18:37,158:INFO:Evaluating Metrics
2020-08-17 00:18:37,335:INFO:Compiling Metrics
2020-08-17 00:18:37,347:INFO:Initializing Fold 4
2020-08-17 00:18:37,366:INFO:Fitting Model
2020-08-17 00:18:37,659:INFO:Evaluating Metrics
2020-08-17 00:18:37,840:INFO:Compiling Metrics
2020-08-17 00:18:37,852:INFO:Initializing Fold 5
2020-08-17 00:18:37,874:INFO:Fitting Model
2020-08-17 00:18:38,174:INFO:Evaluating Metrics
2020-08-17 00:18:38,357:INFO:Compiling Metrics
2020-08-17 00:18:38,368:INFO:Initializing Fold 6
2020-08-17 00:18:38,387:INFO:Fitting Model
2020-08-17 00:18:38,681:INFO:Evaluating Metrics
2020-08-17 00:18:38,859:INFO:Compiling Metrics
2020-08-17 00:18:38,871:INFO:Initializing Fold 7
2020-08-17 00:18:38,891:INFO:Fitting Model
2020-08-17 00:18:39,181:INFO:Evaluating Metrics
2020-08-17 00:18:39,365:INFO:Compiling Metrics
2020-08-17 00:18:39,376:INFO:Initializing Fold 8
2020-08-17 00:18:39,398:INFO:Fitting Model
2020-08-17 00:18:39,686:INFO:Evaluating Metrics
2020-08-17 00:18:39,877:INFO:Compiling Metrics
2020-08-17 00:18:39,889:INFO:Initializing Fold 9
2020-08-17 00:18:39,909:INFO:Fitting Model
2020-08-17 00:18:40,213:INFO:Evaluating Metrics
2020-08-17 00:18:40,402:INFO:Compiling Metrics
2020-08-17 00:18:40,413:INFO:Initializing Fold 10
2020-08-17 00:18:40,433:INFO:Fitting Model
2020-08-17 00:18:40,761:INFO:Evaluating Metrics
2020-08-17 00:18:40,943:INFO:Compiling Metrics
2020-08-17 00:18:40,955:INFO:Calculating mean and std
2020-08-17 00:18:40,955:INFO:Creating metrics dataframe
2020-08-17 00:18:40,969:INFO:Initializing Decision Tree Classifier
2020-08-17 00:18:40,983:INFO:Initializing Fold 1
2020-08-17 00:18:41,002:INFO:Fitting Model
2020-08-17 00:19:00,241:INFO:Evaluating Metrics
2020-08-17 00:19:00,319:INFO:Compiling Metrics
2020-08-17 00:19:00,330:INFO:Initializing Fold 2
2020-08-17 00:19:00,351:INFO:Fitting Model
2020-08-17 00:19:19,784:INFO:Evaluating Metrics
2020-08-17 00:19:19,876:INFO:Compiling Metrics
2020-08-17 00:19:19,888:INFO:Initializing Fold 3
2020-08-17 00:19:19,908:INFO:Fitting Model
2020-08-17 00:19:34,934:INFO:Evaluating Metrics
2020-08-17 00:19:35,011:INFO:Compiling Metrics
2020-08-17 00:19:35,022:INFO:Initializing Fold 4
2020-08-17 00:19:35,041:INFO:Fitting Model
2020-08-17 00:19:53,609:INFO:Evaluating Metrics
2020-08-17 00:19:53,681:INFO:Compiling Metrics
2020-08-17 00:19:53,692:INFO:Initializing Fold 5
2020-08-17 00:19:53,713:INFO:Fitting Model
2020-08-17 00:20:13,982:INFO:Evaluating Metrics
2020-08-17 00:20:14,060:INFO:Compiling Metrics
2020-08-17 00:20:14,071:INFO:Initializing Fold 6
2020-08-17 00:20:14,091:INFO:Fitting Model
2020-08-17 00:20:23,936:INFO:Initializing compare_models()
2020-08-17 00:20:23,936:INFO:compare_models(blacklist=None, whitelist=None, fold=10, round=4, sort=Accuracy, n_select=1, turbo=True, verbose=True)
2020-08-17 00:20:23,936:INFO:Checking exceptions
2020-08-17 00:20:23,938:INFO:Preloading libraries
2020-08-17 00:20:23,938:INFO:Preparing display monitor
2020-08-17 00:20:23,964:INFO:Copying training dataset
2020-08-17 00:20:23,965:INFO:Importing libraries
2020-08-17 00:20:23,973:INFO:Importing untrained models
2020-08-17 00:20:23,973:INFO:Import successful
2020-08-17 00:20:23,983:INFO:Defining folds
2020-08-17 00:20:23,983:INFO:Declaring metric variables
2020-08-17 00:20:23,983:INFO:Initializing Logistic Regression
2020-08-17 00:20:23,999:INFO:Initializing Fold 1
2020-08-17 00:20:24,027:INFO:Fitting Model
2020-08-17 00:20:26,290:INFO:Evaluating Metrics
2020-08-17 00:20:26,392:INFO:Compiling Metrics
2020-08-17 00:20:26,404:INFO:Initializing Fold 2
2020-08-17 00:20:26,424:INFO:Fitting Model
2020-08-17 00:20:28,657:INFO:Evaluating Metrics
2020-08-17 00:20:28,760:INFO:Compiling Metrics
2020-08-17 00:20:28,775:INFO:Initializing Fold 3
2020-08-17 00:20:28,799:INFO:Fitting Model
2020-08-17 00:20:48,109:INFO:PyCaret Classification Module
2020-08-17 00:20:48,109:INFO:version 2.0
2020-08-17 00:20:48,109:INFO:Initializing setup()
2020-08-17 00:20:48,109:INFO:USI: e0b1
2020-08-17 00:20:48,109:INFO:setup(data=(10299, 562), target=Activity, train_size=0.7, sampling=False, sample_estimator=None, categorical_features=None, categorical_imputation=constant, ordinal_features=None,
                    high_cardinality_features=None, high_cardinality_method=frequency, numeric_features=None, numeric_imputation=mean, date_features=None, ignore_features=None, normalize=True,
                    normalize_method=zscore, transformation=True, transformation_method=yeo-johnson, handle_unknown_categorical=True, unknown_categorical_method=least_frequent, pca=False, pca_method=linear,
                    pca_components=None, ignore_low_variance=False, combine_rare_levels=False, rare_level_threshold=0.1, bin_numeric_features=None, remove_outliers=False, outliers_threshold=0.05,
                    remove_multicollinearity=False, multicollinearity_threshold=0.9, remove_perfect_collinearity=False, create_clusters=False, cluster_iter=20,
                    polynomial_features=False, polynomial_degree=2, trigonometry_features=False, polynomial_threshold=0.1, group_features=None,
                    group_names=None, feature_selection=False, feature_selection_threshold=0.8, feature_interaction=False, feature_ratio=False, interaction_threshold=0.01,
                    fix_imbalance=True, fix_imbalance_method=None, data_split_shuffle=True, folds_shuffle=False, n_jobs=-1, html=True, session_id=None, log_experiment=False,
                    experiment_name=None, log_plots=False, log_profile=False, log_data=False, silent=True, verbose=True, profile=True)
2020-08-17 00:20:48,110:INFO:Checking environment
2020-08-17 00:20:48,110:INFO:python_version: 3.7.7
2020-08-17 00:20:48,110:INFO:python_build: ('default', 'May  6 2020 11:45:54')
2020-08-17 00:20:48,110:INFO:machine: AMD64
2020-08-17 00:20:48,110:INFO:platform: Windows-10-10.0.19041-SP0
2020-08-17 00:20:48,110:INFO:Memory: svmem(total=12883832832, available=7332651008, percent=43.1, used=5551181824, free=7332651008)
2020-08-17 00:20:48,110:INFO:Physical Core: 4
2020-08-17 00:20:48,110:INFO:Logical Core: 8
2020-08-17 00:20:48,110:INFO:Checking libraries
2020-08-17 00:20:48,110:INFO:pd==1.0.5
2020-08-17 00:20:48,110:INFO:numpy==1.19.1
2020-08-17 00:20:48,110:INFO:sklearn==0.23.2
2020-08-17 00:20:48,111:INFO:xgboost==1.1.1
2020-08-17 00:20:48,111:INFO:lightgbm==2.3.1
2020-08-17 00:20:48,111:INFO:catboost==0.24
2020-08-17 00:20:48,111:INFO:mlflow==1.10.0
2020-08-17 00:20:48,111:INFO:Checking Exceptions
2020-08-17 00:20:48,111:INFO:Preloading libraries
2020-08-17 00:20:48,111:INFO:Preparing display monitor
2020-08-17 00:20:48,126:INFO:Importing libraries
2020-08-17 00:20:48,136:INFO:Copying data for preprocessing
2020-08-17 00:20:48,145:INFO:Declaring global variables
2020-08-17 00:20:48,150:INFO:Declaring preprocessing parameters
2020-08-17 00:20:48,150:INFO:Importing preprocessing module
2020-08-17 00:20:48,150:INFO:Creating preprocessing pipeline
2020-08-17 00:20:48,904:INFO:Preprocessing pipeline created successfully
2020-08-17 00:20:48,904:ERROR:(Process Exit): setup has been interupted with user command 'quit'. setup must rerun.
2020-08-17 00:20:48,904:INFO:Creating grid variables
2020-08-17 00:20:48,923:INFO:Creating global containers
